[0;34m[INFO][0m Target: 18.134.157.225
[0;34m[INFO][0m User: ec2-user
[0;34m[INFO][0m Path: /opt/maestro-platform
[0;34m[INFO][0m SSH Key: /home/ec2-user/projects/genesis-dev.pem
[0;34m[INFO][0m Log: deployment-20251024-172022.log
[0;35m[STEP][0m PHASE 1/7: Prerequisites Check
[0;34m[INFO][0m Checking local prerequisites...
[0;32m[SUCCESS][0m ✓ rsync found
[0;32m[SUCCESS][0m ✓ ssh found
[0;32m[SUCCESS][0m ✓ docker found
[0;34m[INFO][0m Checking SSH key...
[0;32m[SUCCESS][0m ✓ SSH key found
[0;34m[INFO][0m Checking demo server connectivity...
[0;32m[SUCCESS][0m ✓ Demo server accessible
[0;34m[INFO][0m Checking remote prerequisites...
[0;32m[SUCCESS][0m ✓ Remote prerequisites OK
[0;35m[STEP][0m PHASE 2/7: Creating Remote Directory Structure
[0;32m[SUCCESS][0m ✓ Directory structure created
[0;35m[STEP][0m PHASE 3/7: Transferring Files
[0;34m[INFO][0m Transferring infrastructure code...
[0;32m[SUCCESS][0m ✓ Infrastructure code transferred
[0;34m[INFO][0m Transferring quality-fabric code...
[0;32m[SUCCESS][0m ✓ Quality Fabric code transferred
[0;34m[INFO][0m Transferring shared packages...
[0;32m[SUCCESS][0m ✓ Shared packages transferred
[0;35m[STEP][0m PHASE 4/7: Docker BuildX Setup
[0;34m[INFO][0m Checking BuildX version...
[0;34m[INFO][0m Current BuildX version: v0.19.2
[0;32m[SUCCESS][0m ✓ BuildX version sufficient
[0;34m[INFO][0m Creating BuildX builder...
[0;32m[SUCCESS][0m ✓ BuildX builder created
[0;35m[STEP][0m PHASE 5/7: Deploying Centralized Infrastructure
[0;32m[SUCCESS][0m ✓ Infrastructure deployed
[0;35m[STEP][0m PHASE 6/7: Deploying Quality Fabric
[0;32m[SUCCESS][0m ✓ Quality Fabric deployed
[0;35m[STEP][0m PHASE 7/7: Running Comprehensive Validation
[0;34m[INFO][0m Testing API health endpoint...
[0;32m[SUCCESS][0m ✓ API is healthy
{
    "status": "healthy",
    "service": "quality-fabric",
    "version": "1.0.0",
    "environment": "development",
    "timestamp": "2025-10-24T17:26:12.594314+00:00",
    "checks": {}
}
[0;34m[INFO][0m Testing Grafana...
[0;32m[SUCCESS][0m ✓ Grafana is healthy
[0;34m[INFO][0m Testing Prometheus...
[0;32m[SUCCESS][0m ✓ Prometheus is healthy
[0;34m[INFO][0m Checking container status...
CONTAINER ID   IMAGE                             COMMAND                  CREATED          STATUS                             PORTS                                                                                                                                  NAMES
820a15809ab1   quality-fabric-quality-fabric     "python run_server.py"   31 seconds ago   Up 22 seconds (health: starting)   0.0.0.0:8000->8000/tcp, :::8000->8000/tcp                                                                                              quality-fabric
9bb0320fb21c   grafana/grafana:latest            "/run.sh"                5 minutes ago    Up 5 minutes (healthy)             0.0.0.0:23000->3000/tcp, :::23000->3000/tcp                                                                                            maestro-grafana
debd14bf71aa   postgres:15                       "docker-entrypoint.s…"   5 minutes ago    Up 5 minutes (healthy)             0.0.0.0:25432->5432/tcp, :::25432->5432/tcp                                                                                            maestro-postgres
b45a17a104d5   redis:7-alpine                    "docker-entrypoint.s…"   5 minutes ago    Up 5 minutes (healthy)             0.0.0.0:27379->6379/tcp, :::27379->6379/tcp                                                                                            maestro-redis
7f07df3fdcc6   jaegertracing/all-in-one:latest   "/go/bin/all-in-one-…"   5 minutes ago    Up 5 minutes                       4317/tcp, 9411/tcp, 14250/tcp, 14268/tcp, 0.0.0.0:24268->4318/tcp, :::24268->4318/tcp, 0.0.0.0:26686->16686/tcp, :::26686->16686/tcp   maestro-jaeger
d3ac9e4f0a64   prom/prometheus:latest            "/bin/prometheus --c…"   5 minutes ago    Up 5 minutes (healthy)             0.0.0.0:29090->9090/tcp, :::29090->9090/tcp                                                                                            maestro-prometheus
19a4aabc0786   moby/buildkit:buildx-stable-1     "buildkitd --allow-i…"   5 minutes ago    Up 5 minutes                                                                                                                                                              buildx_buildkit_maestro-builder0
[0;32m[SUCCESS][0m Deployment completed successfully!
[0;34m[INFO][0m Ready for testing and demonstration
