 Network maestro-network  Creating
 Network maestro-network  Created
 Volume maestro_postgres_data  Creating
 Volume maestro_postgres_data  Created
 Volume maestro_redis_data  Creating
 Volume maestro_redis_data  Created
 Volume maestro_prometheus_data  Creating
 Volume maestro_prometheus_data  Created
 Volume maestro_grafana_data  Creating
 Volume maestro_grafana_data  Created
 Container maestro-postgres  Creating
 Container maestro-redis  Creating
 Container maestro-prometheus  Creating
 Container maestro-jaeger  Creating
 Container maestro-redis  Created
 Container maestro-prometheus  Created
 Container maestro-postgres  Created
 Container maestro-grafana  Creating
 Container maestro-jaeger  Created
 Container maestro-grafana  Created
 Container maestro-jaeger  Starting
 Container maestro-postgres  Starting
 Container maestro-redis  Starting
 Container maestro-prometheus  Starting
 Container maestro-redis  Started
 Container maestro-jaeger  Started
 Container maestro-prometheus  Started
Error response from daemon: driver failed programming external connectivity on endpoint maestro-postgres (791ec9ae76d63afc263f9bbd879eae9869d60b4c8baadd6da32fe5baa0e4c112): Error starting userland proxy: listen tcp4 0.0.0.0:5432: bind: address already in use
