â•”â•â•â•â•â•â•â•â•â•â•â•â•â•â•â•â•â•â•â•â•â•â•â•â•â•â•â•â•â•â•â•â•â•â•â•â•â•â•â•â•â•â•â•â•â•â•â•â•â•â•â•â•â•â•â•â•â•â•â•â•—
â•‘                                                           â•‘
â•‘   MAESTRO DEMO SERVER - PATH MIGRATION                   â•‘
â•‘   From: /opt/maestro-platform                            â•‘
â•‘   To:   ~/projects/maestro-platform                      â•‘
â•‘                                                           â•‘
â•šâ•â•â•â•â•â•â•â•â•â•â•â•â•â•â•â•â•â•â•â•â•â•â•â•â•â•â•â•â•â•â•â•â•â•â•â•â•â•â•â•â•â•â•â•â•â•â•â•â•â•â•â•â•â•â•â•â•â•â•â•

[0;34m[INFO][0m Demo Server: 18.134.157.225
[0;34m[INFO][0m Old Path: /opt/maestro-platform
[0;34m[INFO][0m New Path: /home/ec2-user/projects/maestro-platform

[0;34m[INFO][0m Testing SSH connection...
[0;32m[SUCCESS][0m âœ“ Connected to demo server
[0;34m[INFO][0m Checking for existing /opt deployment...
[1;33m[WARNING][0m Found existing deployment at /opt/maestro-platform

[1;33m[WARNING][0m This will:
  1. Backup current /opt deployment
  2. Stop services in /opt
  3. Create new ~/projects structure
  4. Deploy to new location
  5. Keep /opt backup for safety

